<?xml version="1.0" encoding="UTF-8"?>
<!-- Generated by org.testng.reporters.JUnitReportReporter -->
<testsuite hostname="LAPTOP-9Q4PB9CG" failures="0" tests="13" name="runner.TestRunner" time="0.204" errors="0" timestamp="2024-11-08T21:57:59 IST" skipped="0">
  <testcase classname="runner.TestRunner" name="runScenario" time="0.005"/>
  <system-out/>
  <testcase classname="runner.TestRunner" name="runScenario" time="0.020"/>
  <system-out/>
  <testcase classname="runner.TestRunner" name="runScenario" time="0.006"/>
  <system-out/>
  <testcase classname="runner.TestRunner" name="runScenario" time="0.010"/>
  <system-out/>
  <testcase classname="runner.TestRunner" name="runScenario" time="0.006"/>
  <system-out/>
  <testcase classname="runner.TestRunner" name="runScenario" time="0.016"/>
  <system-out/>
  <testcase classname="runner.TestRunner" name="runScenario" time="0.010"/>
  <system-out/>
  <testcase classname="runner.TestRunner" name="runScenario" time="0.007"/>
  <system-out/>
  <testcase classname="runner.TestRunner" name="runScenario" time="0.012"/>
  <system-out/>
  <testcase classname="runner.TestRunner" name="runScenario" time="0.007"/>
  <system-out/>
  <testcase classname="runner.TestRunner" name="runScenario" time="0.010"/>
  <system-out/>
  <testcase classname="runner.TestRunner" name="runScenario" time="0.084"/>
  <system-out/>
  <testcase classname="runner.TestRunner" name="runScenario" time="0.011"/>
  <system-out/>
</testsuite> <!-- runner.TestRunner -->
